Wild-type	Mutant
500	500
523	486
514	476
559	452
571	443
529	476
495	508
481	526
509	485
520	476
531	480
504	476
552	500
514	496
457	505
459	484
466	508
437	538
441	582
430	573
460	576
455	570
439	527
469	525
492	486
504	460
505	459
525	432
504	446
554	429
592	409
575	442
555	412
606	432
601	426
609	426
625	397
647	371
691	369
658	351
670	388
640	372
629	330
637	353
712	331
701	344
695	332
640	352
622	354
643	372
613	405
609	393
621	416
618	430
654	392
637	395
589	383
568	405
557	456
583	460
622	407
614	410
616	421
557	422
592	423
564	413
554	435
565	437
571	421
543	404
533	425
546	433
549	416
541	380
610	389
646	385
593	407
581	381
614	411
635	447
584	458
564	409
580	435
592	451
557	464
579	447
533	476
530	454
495	475
523	490
521	466
513	503
488	489
486	511
464	507
449	529
470	503
477	479
512	488
541	494
523	471
489	493
522	471
532	450
506	441
533	408
591	397
599	417
621	404
635	402
618	408
561	433
557	477
569	480
542	454
512	461
489	428
529	434
540	429
571	411
579	418
616	413
